170415 13:18:16	  145 Query	INSERT INTO `daerah` (`id_daerah`, `kode_daerah`, `nama_daerah`, `date_change`) VALUES
	(1, 'SBY', 'Surabaya', '2017-04-08 16:47:11'),
	(2, 'JKT', 'Jakarta', '2017-04-08 16:47:09'),
	(3, 'BDG', 'Bandung', '2017-04-08 16:47:10'),
	(4, 'DPS', 'Denpasar', '2017-04-08 16:47:10'),
	(5, 'JKT', 'Jakarta', '2017-04-09 16:47:10'),
	(6, 'YGJ', 'Jogja', '2017-04-09 16:47:10'),
	(7, 'CGK', 'Cengkareng', '2017-04-09 14:57:30'),
	(8, 'BUD', 'Ubud', '2017-04-09 14:57:30'),
	(9, 'SGJ', 'Singaraja', '2017-04-09 14:57:30')
170415 13:18:26	  145 Query	INSERT INTO `daerah` (`iddaerah`, `kode_daerah`, `nama_daerah`, `date_change`) VALUES
	(1, 'SBY', 'Surabaya', '2017-04-08 16:47:11'),
	(2, 'JKT', 'Jakarta', '2017-04-08 16:47:09'),
	(3, 'BDG', 'Bandung', '2017-04-08 16:47:10'),
	(4, 'DPS', 'Denpasar', '2017-04-08 16:47:10'),
	(5, 'JKT', 'Jakarta', '2017-04-09 16:47:10'),
	(6, 'YGJ', 'Jogja', '2017-04-09 16:47:10'),
	(7, 'CGK', 'Cengkareng', '2017-04-09 14:57:30'),
	(8, 'BUD', 'Ubud', '2017-04-09 14:57:30'),
	(9, 'SGJ', 'Singaraja', '2017-04-09 14:57:30')
170415 13:18:43	  145 Query	INSERT INTO `daerah` (`iddaerah`, `kode`, `nama`, `date_change`) VALUES
	(1, 'SBY', 'Surabaya', '2017-04-08 16:47:11'),
	(2, 'JKT', 'Jakarta', '2017-04-08 16:47:09'),
	(3, 'BDG', 'Bandung', '2017-04-08 16:47:10'),
	(4, 'DPS', 'Denpasar', '2017-04-08 16:47:10'),
	(5, 'JKT', 'Jakarta', '2017-04-09 16:47:10'),
	(6, 'YGJ', 'Jogja', '2017-04-09 16:47:10'),
	(7, 'CGK', 'Cengkareng', '2017-04-09 14:57:30'),
	(8, 'BUD', 'Ubud', '2017-04-09 14:57:30'),
	(9, 'SGJ', 'Singaraja', '2017-04-09 14:57:30')
170415 13:18:52	  145 Query	SELECT * FROM `emp`.`daerah` LIMIT 1000
		  145 Query	SHOW CREATE TABLE `emp`.`daerah`
170415 13:19:12	  146 Connect	wicak@10.151.36.29 on emp
		  146 Query	set autocommit=0
		  146 Query	SELECT * FROM daerah
		  146 Quit	
170415 13:22:51	  145 Query	TRUNCATE `daerah`
		  145 Query	SELECT `DEFAULT_COLLATION_NAME` FROM `information_schema`.`SCHEMATA` WHERE `SCHEMA_NAME`='emp'
		  145 Query	SHOW TABLE STATUS FROM `emp`
		  145 Query	SHOW FUNCTION STATUS WHERE `Db`='emp'
		  145 Query	SHOW PROCEDURE STATUS WHERE `Db`='emp'
		  145 Query	SHOW TRIGGERS FROM `emp`
		  145 Query	SHOW EVENTS FROM `emp`
		  145 Query	SHOW CREATE TABLE `emp`.`daerah`
		  145 Query	SELECT * FROM `emp`.`daerah` LIMIT 1000
		  145 Query	SHOW CREATE TABLE `emp`.`daerah`
170415 13:23:37	  145 Query	SELECT * FROM `emp`.`daerah` LIMIT 1000
		  145 Query	SHOW CREATE TABLE `emp`.`daerah`
170415 13:24:44	  145 Query	INSERT INTO `daerah` (`iddaerah`, `kode`, `nama`, `date_change`) VALUES
	(1, 'SBY', 'Surabaya', '2017-04-08 16:47:11'),
	(2, 'JKT', 'Jakarta', '2017-04-08 16:47:09'),
	(3, 'BDG', 'Bandung', '2017-04-08 16:47:10'),
	(4, 'DPS', 'Denpasar', '2017-04-08 16:47:10'),
	(5, 'JKT', 'Jakarta', '2017-04-09 16:47:10'),
	(6, 'YGJ', 'Jogja', '2017-04-09 16:47:10'),
	(7, 'CGK', 'Cengkareng', '2017-04-09 14:57:30'),
	(8, 'BUD', 'Ubud', '2017-04-09 14:57:30'),
	(9, 'SGJ', 'Singaraja', '2017-04-09 14:57:30')
170415 13:24:48	  145 Query	SELECT * FROM `emp`.`daerah` LIMIT 1000
		  145 Query	SHOW CREATE TABLE `emp`.`daerah`
170415 13:24:52	  147 Connect	wicak@10.151.36.29 on emp
		  147 Query	set autocommit=0
		  147 Query	SELECT * FROM daerah
		  147 Quit	
170415 13:32:04	  145 Query	INSERT INTO daerah VALUES (10, 'MRK', 'MERAUKE', '2017-04-15 13:32:14')
170415 13:32:13	  145 Query	SELECT * FROM `emp`.`daerah` LIMIT 1000
		  145 Query	SHOW CREATE TABLE `emp`.`daerah`
